{"/Users/sonali/Food_App/src/Components/NavComponents/Help/Help.js": {"path":"/Users/sonali/Food_App/src/Components/NavComponents/Help/Help.js","statementMap":{"0":{"start":{"line":3,"column":4},"end":{"line":12,"column":5}}},"fnMap":{"0":{"name":"Help","decl":{"start":{"line":2,"column":9},"end":{"line":2,"column":13}},"loc":{"start":{"line":2,"column":15},"end":{"line":13,"column":1}},"line":2}},"branchMap":{},"s":{"0":2},"f":{"0":2},"b":{},"_coverageSchema":"1a1c01bbd47fc00a2c39e90264f33305004495a9","hash":"a1c2d87044746f571da21c0873614c63cf4c3598"}
}
